test
debug - Parser::run_cmd: ["Wallet", "new_day"]
debug - DBManager#save: --- !ruby/object:ItemDB
item_array: []
debug - DBManager#save: --- !ruby/object:Program
balance: 15.0
daily_amount: 15.0
spent_today: 0
last_update: 2016-10-04 17:57:04.793045854 +03:00
debug - NetworkManager::run_server: You spent  today.
debug - Parser::run_cmd: ["Wallet", "spend"]
debug - Wallet::spend: spend called.
debug - Item#initialize: 
	test0
	1.2
	[["bir", "iki"]]
debug - Wallet::spend: ["bir", "iki"]
debug - DBManager#save: --- !ruby/object:ItemDB
item_array:
- !ruby/object:Item
  name: test0
  price: '1.2'
  tag_array:
  - - bir
    - iki
  time: 2016-10-04 17:57:32.652880480 +03:00
debug - DBManager#save: --- !ruby/object:Program
balance: 13.8
daily_amount: 15.0
spent_today: 1.2
last_update: 2016-10-04 17:57:04.793045854 +03:00
debug - NetworkManager::run_server: You spent 1.2 today.
debug - Parser::run_cmd: ["Wallet", "spend"]
debug - Wallet::spend: spend called.
debug - Item#initialize: 
	test1
	2.3
	[["null"]]
debug - Wallet::spend: ["null"]
debug - DBManager#save: --- !ruby/object:ItemDB
item_array:
- !ruby/object:Item
  name: test0
  price: '1.2'
  tag_array:
  - - bir
    - iki
  time: 2016-10-04 17:57:32.652880480 +03:00
- !ruby/object:Item
  name: test1
  price: '2.3'
  tag_array:
  - - 'null'
  time: 2016-10-04 17:58:08.683782928 +03:00
debug - DBManager#save: --- !ruby/object:Program
balance: 11.5
daily_amount: 15.0
spent_today: 3.5
last_update: 2016-10-04 17:57:04.793045854 +03:00
debug - NetworkManager::run_server: You spent 3.5 today.
debug - Parser::run_cmd: ["Wallet", "spend"]
debug - Wallet::spend: spend called.
debug - Item#initialize: 
	test1
	3.4
	[["uc", "dort", "bes"]]
debug - Wallet::spend: ["uc", "dort", "bes"]
debug - DBManager#save: --- !ruby/object:ItemDB
item_array:
- !ruby/object:Item
  name: test0
  price: '1.2'
  tag_array:
  - - bir
    - iki
  time: 2016-10-04 17:57:32.652880480 +03:00
- !ruby/object:Item
  name: test1
  price: '2.3'
  tag_array:
  - - 'null'
  time: 2016-10-04 17:58:08.683782928 +03:00
- !ruby/object:Item
  name: test1
  price: '3.4'
  tag_array:
  - - uc
    - dort
    - bes
  time: 2016-10-04 17:58:58.489274680 +03:00
debug - DBManager#save: --- !ruby/object:Program
balance: 8.1
daily_amount: 15.0
spent_today: 6.9
last_update: 2016-10-04 17:57:04.793045854 +03:00
debug - NetworkManager::run_server: You spent 6.9 today.
debug - Parser::run_cmd: ["Wallet", "spend"]
debug - Wallet::spend: spend called.
debug - Item#initialize: 
	test3
	4.5
	[["dort", "null", "bes"]]
debug - Wallet::spend: ["dort", "null", "bes"]
debug - DBManager#save: --- !ruby/object:ItemDB
item_array:
- !ruby/object:Item
  name: test0
  price: '1.2'
  tag_array:
  - - bir
    - iki
  time: 2016-10-04 17:57:32.652880480 +03:00
- !ruby/object:Item
  name: test1
  price: '2.3'
  tag_array:
  - - 'null'
  time: 2016-10-04 17:58:08.683782928 +03:00
- !ruby/object:Item
  name: test1
  price: '3.4'
  tag_array:
  - - uc
    - dort
    - bes
  time: 2016-10-04 17:58:58.489274680 +03:00
- !ruby/object:Item
  name: test3
  price: '4.5'
  tag_array:
  - - dort
    - 'null'
    - bes
  time: 2016-10-04 17:59:36.709054190 +03:00
debug - DBManager#save: --- !ruby/object:Program
balance: 3.5999999999999996
daily_amount: 15.0
spent_today: 11.4
last_update: 2016-10-04 17:57:04.793045854 +03:00
debug - NetworkManager::run_server: You spent 11.4 today.
